setpos -803.886536 -2225.978516 -116.767616;setang 15.671994 51.796577 0.000000
setpos -736.651306 -1777.639526 -115.906189;setang 12.723993 87.722549 0.000000
setpos -1180.267456 -1041.067993 -103.906189;setang 13.340001 93.442535 0.000000
setpos -1650.677368 -1237.868530 -195.765686;setang -1.949915 50.494854 0.000000
setpos -1257.517822 -953.772766 -103.906189;setang -3.533918 48.448856 0.000000
setpos -1204.240723 -1311.797363 -107.036972;setang 12.416122 88.150764 0.000000
setpos -1579.721069 -1320.855835 -199.555389;setang 4.936127 79.548805 0.000000
setpos -1676.492310 -1374.887207 -197.147217;setang 4.364130 75.588661 0.000000
setpos -1591.552734 -1185.522339 -185.960480;setang 6.555976 77.184296 0.000000
setpos -1590.617310 -1185.311279 -185.923416;setang 6.555976 77.184296 0.000000
setpos -1614.903320 -1029.686890 -148.826950;setang 6.577976 77.008286 0.000000
setpos -1708.760864 316.762054 -123.160095;setang -5.214024 91.308571 0.000000
setpos -2300.715820 -170.368591 -101.534378;setang 5.433979 -80.393188 0.000000
setpos -1629.898315 -1252.583862 -197.007355;setang -5.038036 85.464943 0.000000
setpos -2095.995117 790.003357 13.011377;setang 10.801964 -40.353115 0.000000
setpos 1422.968750 -367.968750 -103.906189;setang -66.878838 160.834427 0.000000
setpos 1422.999756 -367.968750 -103.906189;setang -62.830940 160.789688 0.000000
setpos 1422.999756 -367.968750 -103.906189;setang -65.757118 162.373917 0.000000
setpos 1422.968750 -367.968750 -103.906189;setang -64.920998 163.672104 0.000000
setpos 1422.968750 -367.968750 -103.906189;setang -59.068546 160.832870 0.000000
setpos 1422.968750 -367.968750 -103.906189;setang -57.748585 162.482880 0.000000
setpos 1422.968750 -367.968750 -103.906189;setang -57.066605 162.416870 0.000000
setpos 1422.968750 -367.968750 -103.906189;setang -55.152649 162.240738 0.000000
setpos -1783.278320 -102.466743 577.551270;setang 22.573439 69.510452 0.000000
setpos 1422.968750 -367.968750 -103.906189;setang -56.978512 162.459854 0.000000
setpos 1328.000366 -174.514755 4.563515;setang 0.639470 -7.813386 0.000000
setpos 1422.968750 -367.991577 -103.906189;setang -57.659801 162.545425 0.000000
setpos 1422.972168 -367.968750 -103.906189;setang -6.114311 153.749268 0.000000
setpos 1422.972168 -367.968750 -103.906189;setang -56.978218 162.461136 0.000000
setpos 4483.989258 -5968.000000 12460.281250;setang 0.000000 180.000000 0.000000
setpos -1545.877808 -1124.535645 -172.270569;setang 9.680013 63.159843 0.000000
setpos -1550.247925 -1314.746948 -195.906189;setang 11.131995 82.255875 0.000000
setpos -1618.343506 -1341.349731 -200.465179;setang 15.290030 95.631836 0.000000
setpos 1422.997314 -367.968750 -103.906189;setang -9.240884 -114.633049 0.000000
setpos 1422.997314 -367.968750 -103.906189;setang -31.724867 -129.835342 0.000000
